<?xml version="1.0" encoding="UTF-8"?>
<!-- Generated by org.testng.reporters.JUnitXMLReporter -->
<testsuite hostname="DESKTOP-8IGUF9C" name="Departamentos" tests="4" failures="0" timestamp="24 Aug 2021 01:03:06 GMT" time="0.045" errors="0">
  <testcase name="addDepartment" time="0.01" classname="com.sapiensacademytest.suite.Department"/>
  <testcase name="clickOnDepartment" time="0.002" classname="com.sapiensacademytest.suite.Department"/>
  <testcase name="modifyDepartment" time="0.007" classname="com.sapiensacademytest.suite.Department"/>
  <testcase name="removeDepartment" time="0.004" classname="com.sapiensacademytest.suite.Department"/>
</testsuite> <!-- Departamentos -->
