<?xml version="1.0" encoding="UTF-8"?>
<!-- Generated by org.testng.reporters.JUnitXMLReporter -->
<testsuite hostname="DESKTOP-8IGUF9C" name="Inventario y Carro de Compras" tests="3" failures="0" timestamp="25 Aug 2021 00:50:04 GMT" time="0.067" errors="0">
  <testcase name="clickOnUser" time="0.017" classname="com.sapiensacademytest.suite.User"/>
  <testcase name="clickToAddUser" time="0.009" classname="com.sapiensacademytest.suite.User"/>
  <testcase name="clickToRemoveUser" time="0.004" classname="com.sapiensacademytest.suite.User"/>
</testsuite> <!-- Inventario y Carro de Compras -->
