<?xml version="1.0" encoding="UTF-8"?>
<!-- Generated by org.testng.reporters.JUnitXMLReporter -->
<testsuite hostname="DESKTOP-8IGUF9C" name="Usuarios y Departamentos" tests="6" failures="0" timestamp="24 Aug 2021 01:54:50 GMT" time="0.038" errors="0">
  <testcase name="clickOnDepartment" time="0.002" classname="com.sapiensacademytest.suite.Department"/>
  <testcase name="modifyDepartment" time="0.002" classname="com.sapiensacademytest.suite.Department"/>
  <testcase name="removeDepartment" time="0.001" classname="com.sapiensacademytest.suite.Department"/>
  <testcase name="addDepartment" time="0.001" classname="com.sapiensacademytest.suite.Department"/>
  <testcase name="clickToAddUser" time="0.001" classname="com.sapiensacademytest.suite.User"/>
  <testcase name="clickToRemoveUser" time="0.003" classname="com.sapiensacademytest.suite.User"/>
</testsuite> <!-- Usuarios y Departamentos -->
