<?xml version="1.0" encoding="UTF-8"?>
<!-- Generated by org.testng.reporters.JUnitXMLReporter -->
<testsuite hostname="DESKTOP-8IGUF9C" name="Usuarios y Departamentos" tests="6" failures="0" timestamp="25 Aug 2021 00:28:44 GMT" time="0.133" errors="0">
  <testcase name="clickOnDepartment" time="0.024" classname="com.sapiensacademytest.suite.Department"/>
  <testcase name="modifyDepartment" time="0.026" classname="com.sapiensacademytest.suite.Department"/>
  <testcase name="removeDepartment" time="0.001" classname="com.sapiensacademytest.suite.Department"/>
  <testcase name="addDepartment" time="0.004" classname="com.sapiensacademytest.suite.Department"/>
  <testcase name="clickToAddUser" time="0.002" classname="com.sapiensacademytest.suite.User"/>
  <testcase name="clickToRemoveUser" time="0.009" classname="com.sapiensacademytest.suite.User"/>
</testsuite> <!-- Usuarios y Departamentos -->
