<?xml version="1.0" encoding="UTF-8"?>
<!-- Generated by org.testng.reporters.JUnitXMLReporter -->
<testsuite hostname="DESKTOP-8IGUF9C" name="Default test" tests="4" failures="0" timestamp="26 Aug 2021 00:31:28 GMT" time="0.193" errors="0">
  <testcase name="addItemOnCart" time="0.029" classname="com.sapiensacademytest.suite.Cart"/>
  <testcase name="clickOnItemOnCart" time="0.001" classname="com.sapiensacademytest.suite.Cart"/>
  <testcase name="modifyItemOnCart" time="0.002" classname="com.sapiensacademytest.suite.Cart"/>
  <testcase name="removeItemOnCart" time="0.041" classname="com.sapiensacademytest.suite.Cart"/>
</testsuite> <!-- Default test -->
