<?xml version="1.0" encoding="UTF-8"?>
<!-- Generated by org.testng.reporters.JUnitXMLReporter -->
<testsuite hostname="DESKTOP-8IGUF9C" name="Default test" tests="4" failures="0" timestamp="24 Aug 2021 00:37:29 GMT" time="0.172" errors="0">
  <testcase name="addItemOnCart" time="0.016" classname="com.sapiensacademytest.suite.Cart"/>
  <testcase name="clickOnItemOnCart" time="0.005" classname="com.sapiensacademytest.suite.Cart"/>
  <testcase name="modifyItemOnCart" time="0.003" classname="com.sapiensacademytest.suite.Cart"/>
  <testcase name="removeItemOnCart" time="0.003" classname="com.sapiensacademytest.suite.Cart"/>
</testsuite> <!-- Default test -->
