<?xml version="1.0" encoding="UTF-8"?>
<testng-results skipped="0" failed="0" total="4" passed="4">
  <reporter-output>
  </reporter-output>
  <suite name="Default suite" duration-ms="193" started-at="2021-08-26T00:31:27Z" finished-at="2021-08-26T00:31:28Z">
    <groups>
      <group name="add">
        <method signature="Cart.addItemOnCart()[pri:0, instance:com.sapiensacademytest.suite.Cart@5ae9a829]" name="addItemOnCart" class="com.sapiensacademytest.suite.Cart"/>
      </group> <!-- add -->
    </groups>
    <test name="Default test" duration-ms="193" started-at="2021-08-26T00:31:27Z" finished-at="2021-08-26T00:31:28Z">
      <class name="com.sapiensacademytest.suite.Cart">
        <test-method status="PASS" signature="addItemOnCart()[pri:0, instance:com.sapiensacademytest.suite.Cart@5ae9a829]" name="addItemOnCart" duration-ms="29" started-at="2021-08-25T19:31:28Z" finished-at="2021-08-25T19:31:28Z">
          <reporter-output>
          </reporter-output>
        </test-method> <!-- addItemOnCart -->
        <test-method status="PASS" signature="clickOnItemOnCart()[pri:0, instance:com.sapiensacademytest.suite.Cart@5ae9a829]" name="clickOnItemOnCart" duration-ms="1" started-at="2021-08-25T19:31:28Z" finished-at="2021-08-25T19:31:28Z">
          <reporter-output>
          </reporter-output>
        </test-method> <!-- clickOnItemOnCart -->
        <test-method status="PASS" signature="modifyItemOnCart()[pri:0, instance:com.sapiensacademytest.suite.Cart@5ae9a829]" name="modifyItemOnCart" duration-ms="2" started-at="2021-08-25T19:31:28Z" finished-at="2021-08-25T19:31:28Z">
          <reporter-output>
          </reporter-output>
        </test-method> <!-- modifyItemOnCart -->
        <test-method status="PASS" signature="removeItemOnCart()[pri:0, instance:com.sapiensacademytest.suite.Cart@5ae9a829]" name="removeItemOnCart" duration-ms="41" started-at="2021-08-25T19:31:28Z" finished-at="2021-08-25T19:31:28Z">
          <reporter-output>
          </reporter-output>
        </test-method> <!-- removeItemOnCart -->
      </class> <!-- com.sapiensacademytest.suite.Cart -->
    </test> <!-- Default test -->
  </suite> <!-- Default suite -->
</testng-results>
